14:26:41.886 [main] ERROR com.jo.registration.logging.Logging - Error detected.
14:27:32.423 [main] ERROR com.jo.registration.logging.Logging - Error detected.
14:30:20.845 [main] ERROR com.jo.registration.logging.Logging - Error detected.
14:32:50.495 [main] ERROR com.jo.registration.logging.Logging - Error detected.
14:33:05.645 [main] ERROR com.jo.registration.logging.Logging - Error detected.
14:35:11.548 [main] ERROR com.jo.registration.logging.Logging - Error detected.
14:36:57.361 [main] ERROR com.jo.registration.logging.Logging - Error occurred during login
14:37:53.360 [main] ERROR com.jo.registration.logging.Logging - Error occurred during login
10:42:47.078 [main] ERROR com.jo.registration.logging.Logging - Error occurred while choosing
10:42:47.084 [main] ERROR com.jo.registration.logging.Logging - Error occurred during login
10:51:53.817 [main] ERROR com.jo.registration.logging.Logging - Error occurred while choosing
10:51:53.819 [main] ERROR com.jo.registration.logging.Logging - Error occurred during login
10:53:38.465 [main] ERROR com.jo.registration.logging.Logging - Error occurred while choosing
10:53:38.468 [main] ERROR com.jo.registration.logging.Logging - Error occurred during login
11:21:13.810 [main] ERROR com.jo.registration.logging.Logging - Error occurred while choosing
11:21:13.814 [main] ERROR com.jo.registration.logging.Logging - Error occurred during login
11:59:01.298 [main] ERROR com.jo.registration.logging.Logging - Error occurred during student registration
11:59:01.300 [main] ERROR com.jo.registration.logging.Logging - Error occurred while choosing
11:59:01.301 [main] ERROR com.jo.registration.logging.Logging - Error occurred during login
12:01:42.901 [main] ERROR com.jo.registration.logging.Logging - Error occurred while choosing
12:01:42.905 [main] ERROR com.jo.registration.logging.Logging - Error occurred while choosing
12:01:42.905 [main] ERROR com.jo.registration.logging.Logging - Error occurred while choosing
12:01:42.906 [main] ERROR com.jo.registration.logging.Logging - Error occurred during login
12:14:18.474 [main] ERROR com.jo.registration.logging.Logging - Error occurred during student registration
12:14:18.477 [main] ERROR com.jo.registration.logging.Logging - Error occurred while choosing
12:14:18.478 [main] ERROR com.jo.registration.logging.Logging - Error occurred during login
12:14:58.416 [main] ERROR com.jo.registration.logging.Logging - Error occurred during student registration
12:14:58.418 [main] ERROR com.jo.registration.logging.Logging - Error occurred while choosing
12:14:58.418 [main] ERROR com.jo.registration.logging.Logging - Error occurred during login
12:31:21.558 [main] ERROR com.jo.registration.logging.Logging - Error occurred during login
12:33:54.276 [main] ERROR com.jo.registration.logging.Logging - Error occurred during student registration
12:33:54.281 [main] ERROR com.jo.registration.logging.Logging - Error occurred while choosing
12:33:54.282 [main] ERROR com.jo.registration.logging.Logging - Error occurred during login
12:35:14.721 [main] ERROR com.jo.registration.logging.Logging - Error occurred during student registration
12:35:14.725 [main] ERROR com.jo.registration.logging.Logging - Error occurred while choosing
12:35:14.726 [main] ERROR com.jo.registration.logging.Logging - Error occurred during login
12:36:10.588 [main] ERROR com.jo.registration.logging.Logging - Error occurred during student registration
12:36:10.591 [main] ERROR com.jo.registration.logging.Logging - Error occurred while choosing
12:36:10.591 [main] ERROR com.jo.registration.logging.Logging - Error occurred during login
12:56:17.919 [main] ERROR com.jo.registration.logging.Logging - Error occurred while choosing
12:56:17.922 [main] ERROR com.jo.registration.logging.Logging - Error occurred while choosing
12:56:17.922 [main] ERROR com.jo.registration.logging.Logging - Error occurred during login
12:56:37.733 [main] ERROR com.jo.registration.logging.Logging - Error occurred while choosing
12:56:37.736 [main] ERROR com.jo.registration.logging.Logging - Error occurred while choosing
12:56:37.736 [main] ERROR com.jo.registration.logging.Logging - Error occurred during login
13:39:23.342 [main] ERROR com.jo.registration.logging.Logging - Error occurred while choosing
13:39:23.345 [main] ERROR com.jo.registration.logging.Logging - Error occurred while choosing
13:39:23.346 [main] ERROR com.jo.registration.logging.Logging - Error occurred during login
13:40:07.406 [main] ERROR com.jo.registration.logging.Logging - Error occurred during login
14:20:45.651 [main] ERROR com.jo.registration.logging.Logging - Wrong username or password
14:20:45.657 [main] ERROR com.jo.registration.logging.Logging - Error occurred during login
15:28:29.226 [main] ERROR com.jo.registration.logging.Logging - Wrong username or password
16:02:52.043 [main] INFO  com.jo.registration.logging.Logging - Wrong username or password
16:03:20.521 [main] INFO  com.jo.registration.logging.Logging - Wrong username or password
